/*C2*/SET SCHEMA PUBLIC
CREATE TABLE IF NOT EXISTS playlist (playlist_id INTEGER GENERATED BY DEFAULT AS IDENTITY(START WITH 100, INCREMENT BY 1) PRIMARY KEY, playlist_name VARCHAR(100), description VARCHAR(500))
/*C3*/SET SCHEMA PUBLIC
INSERT INTO PLAYLIST VALUES(100,'name','description')
COMMIT
INSERT INTO PLAYLIST VALUES(101,'good playlist','this playlist is great')
COMMIT
INSERT INTO PLAYLIST VALUES(102,'bad playlist','this playlist sucks')
COMMIT
/*C4*/SET SCHEMA PUBLIC
INSERT INTO PLAYLIST VALUES(103,'okay playlist','this is not a great playlist')
COMMIT
DISCONNECT
/*C5*/SET SCHEMA PUBLIC
DISCONNECT
/*C6*/SET SCHEMA PUBLIC
CREATE TABLE IF NOT EXISTS table_song (id INTEGER GENERATED BY DEFAULT AS IDENTITY(START WITH 100, INCREMENT BY 1) PRIMARY KEY, song_name VARCHAR(255), artist  VARCHAR(255), album_name  VARCHAR(255), is_liked INTEGER)
INSERT INTO TABLE_SONG VALUES(100,'Rain Man','Ketsa','Ketsa - Rain Man',0)
COMMIT
INSERT INTO TABLE_SONG VALUES(101,'Not Enough To Give','Ketsa','Ketsa - Not Enough To Give',0)
COMMIT
INSERT INTO TABLE_SONG VALUES(102,'Above the Clouds','Scott Holmes Music','Scott Holmes Music - Above the Clouds',0)
COMMIT
INSERT INTO TABLE_SONG VALUES(103,'Nightfall','Stereohada','Stereohada - Nightfall',0)
COMMIT
/*C7*/SET SCHEMA PUBLIC
INSERT INTO TABLE_SONG VALUES(104,'song5','artist of song','album',0)
COMMIT
DISCONNECT
/*C8*/SET SCHEMA PUBLIC
DISCONNECT
